<?xml version="1.0" encoding="UTF-8"?>
<!-- Generated by org.testng.reporters.JUnitReportReporter -->
<testsuite skipped="0" hostname="qainfotech-ThinkCentre-M72e" name="com.abhay.practice.TestEmployeeDetails" tests="2" failures="0" timestamp="28 Feb 2019 07:04:03 GMT" time="0.010" errors="0">
  <testcase name="testCalculateAppraisal" time="0.002" classname="com.abhay.practice.TestEmployeeDetails"/>
  <testcase name="testCalculateAppraisal" time="0.008" classname="com.abhay.practice.TestEmployeeDetails"/>
</testsuite> <!-- com.abhay.practice.TestEmployeeDetails -->
